<?xml version="1.0" encoding="UTF-8"?>
<testsuite name="com.bcp.bootcamp.apigateway.ApiGatewayApplicationTests" tests="1" skipped="0" failures="0" errors="0" timestamp="2021-04-07T23:05:50" hostname="Alfredos-MacBook-Pro.local" time="0.859">
  <properties/>
  <testcase name="contextLoads()" classname="com.bcp.bootcamp.apigateway.ApiGatewayApplicationTests" time="0.859"/>
  <system-out><![CDATA[18:05:43.317 [Test worker] DEBUG org.springframework.test.context.BootstrapUtils - Instantiating CacheAwareContextLoaderDelegate from class [org.springframework.test.context.cache.DefaultCacheAwareContextLoaderDelegate]
18:05:43.343 [Test worker] DEBUG org.springframework.test.context.BootstrapUtils - Instantiating BootstrapContext using constructor [public org.springframework.test.context.support.DefaultBootstrapContext(java.lang.Class,org.springframework.test.context.CacheAwareContextLoaderDelegate)]
18:05:43.403 [Test worker] DEBUG org.springframework.test.context.BootstrapUtils - Instantiating TestContextBootstrapper for test class [com.bcp.bootcamp.apigateway.ApiGatewayApplicationTests] from class [org.springframework.boot.test.context.SpringBootTestContextBootstrapper]
18:05:43.436 [Test worker] INFO org.springframework.boot.test.context.SpringBootTestContextBootstrapper - Neither @ContextConfiguration nor @ContextHierarchy found for test class [com.bcp.bootcamp.apigateway.ApiGatewayApplicationTests], using SpringBootContextLoader
18:05:43.445 [Test worker] DEBUG org.springframework.test.context.support.AbstractContextLoader - Did not detect default resource location for test class [com.bcp.bootcamp.apigateway.ApiGatewayApplicationTests]: class path resource [com/bcp/bootcamp/apigateway/ApiGatewayApplicationTests-context.xml] does not exist
18:05:43.447 [Test worker] DEBUG org.springframework.test.context.support.AbstractContextLoader - Did not detect default resource location for test class [com.bcp.bootcamp.apigateway.ApiGatewayApplicationTests]: class path resource [com/bcp/bootcamp/apigateway/ApiGatewayApplicationTestsContext.groovy] does not exist
18:05:43.448 [Test worker] INFO org.springframework.test.context.support.AbstractContextLoader - Could not detect default resource locations for test class [com.bcp.bootcamp.apigateway.ApiGatewayApplicationTests]: no resource found for suffixes {-context.xml, Context.groovy}.
18:05:43.449 [Test worker] INFO org.springframework.test.context.support.AnnotationConfigContextLoaderUtils - Could not detect default configuration classes for test class [com.bcp.bootcamp.apigateway.ApiGatewayApplicationTests]: ApiGatewayApplicationTests does not declare any static, non-private, non-final, nested classes annotated with @Configuration.
18:05:43.532 [Test worker] DEBUG org.springframework.test.context.support.ActiveProfilesUtils - Could not find an 'annotation declaring class' for annotation type [org.springframework.test.context.ActiveProfiles] and class [com.bcp.bootcamp.apigateway.ApiGatewayApplicationTests]
18:05:43.643 [Test worker] DEBUG org.springframework.context.annotation.ClassPathScanningCandidateComponentProvider - Identified candidate component class: file [/Users/alfredobenaute/bootcamp-abril/bcp-bootcamp-apigateway/build/classes/java/main/com/bcp/bootcamp/apigateway/ApiGatewayApplication.class]
18:05:43.645 [Test worker] INFO org.springframework.boot.test.context.SpringBootTestContextBootstrapper - Found @SpringBootConfiguration com.bcp.bootcamp.apigateway.ApiGatewayApplication for test class com.bcp.bootcamp.apigateway.ApiGatewayApplicationTests
18:05:43.852 [Test worker] DEBUG org.springframework.boot.test.context.SpringBootTestContextBootstrapper - @TestExecutionListeners is not present for class [com.bcp.bootcamp.apigateway.ApiGatewayApplicationTests]: using defaults.
18:05:43.853 [Test worker] INFO org.springframework.boot.test.context.SpringBootTestContextBootstrapper - Loaded default TestExecutionListener class names from location [META-INF/spring.factories]: [org.springframework.boot.test.autoconfigure.restdocs.RestDocsTestExecutionListener, org.springframework.boot.test.autoconfigure.web.client.MockRestServiceServerResetTestExecutionListener, org.springframework.boot.test.autoconfigure.web.servlet.MockMvcPrintOnlyOnFailureTestExecutionListener, org.springframework.boot.test.autoconfigure.web.servlet.WebDriverTestExecutionListener, org.springframework.boot.test.autoconfigure.webservices.client.MockWebServiceServerTestExecutionListener, org.springframework.boot.test.mock.mockito.MockitoTestExecutionListener, org.springframework.boot.test.mock.mockito.ResetMocksTestExecutionListener, org.springframework.test.context.web.ServletTestExecutionListener, org.springframework.test.context.support.DirtiesContextBeforeModesTestExecutionListener, org.springframework.test.context.event.ApplicationEventsTestExecutionListener, org.springframework.test.context.support.DependencyInjectionTestExecutionListener, org.springframework.test.context.support.DirtiesContextTestExecutionListener, org.springframework.test.context.transaction.TransactionalTestExecutionListener, org.springframework.test.context.jdbc.SqlScriptsTestExecutionListener, org.springframework.test.context.event.EventPublishingTestExecutionListener]
18:05:43.869 [Test worker] DEBUG org.springframework.boot.test.context.SpringBootTestContextBootstrapper - Skipping candidate TestExecutionListener [org.springframework.test.context.web.ServletTestExecutionListener] due to a missing dependency. Specify custom listener classes or make the default listener classes and their required dependencies available. Offending class: [javax/servlet/ServletContext]
18:05:43.874 [Test worker] DEBUG org.springframework.boot.test.context.SpringBootTestContextBootstrapper - Skipping candidate TestExecutionListener [org.springframework.test.context.transaction.TransactionalTestExecutionListener] due to a missing dependency. Specify custom listener classes or make the default listener classes and their required dependencies available. Offending class: [org/springframework/transaction/interceptor/TransactionAttributeSource]
18:05:43.875 [Test worker] DEBUG org.springframework.boot.test.context.SpringBootTestContextBootstrapper - Skipping candidate TestExecutionListener [org.springframework.test.context.jdbc.SqlScriptsTestExecutionListener] due to a missing dependency. Specify custom listener classes or make the default listener classes and their required dependencies available. Offending class: [org/springframework/transaction/interceptor/TransactionAttribute]
18:05:43.875 [Test worker] INFO org.springframework.boot.test.context.SpringBootTestContextBootstrapper - Using TestExecutionListeners: [org.springframework.test.context.support.DirtiesContextBeforeModesTestExecutionListener@23d037b6, org.springframework.test.context.event.ApplicationEventsTestExecutionListener@cdf1b3c, org.springframework.boot.test.mock.mockito.MockitoTestExecutionListener@5ae60cb4, org.springframework.boot.test.autoconfigure.SpringBootDependencyInjectionTestExecutionListener@5a68c3be, org.springframework.test.context.support.DirtiesContextTestExecutionListener@782722c2, org.springframework.test.context.event.EventPublishingTestExecutionListener@c55d001, org.springframework.boot.test.autoconfigure.restdocs.RestDocsTestExecutionListener@663cfe93, org.springframework.boot.test.autoconfigure.web.client.MockRestServiceServerResetTestExecutionListener@7a55a4d9, org.springframework.boot.test.autoconfigure.web.servlet.MockMvcPrintOnlyOnFailureTestExecutionListener@3b25b863, org.springframework.boot.test.autoconfigure.web.servlet.WebDriverTestExecutionListener@1952a2de, org.springframework.boot.test.autoconfigure.webservices.client.MockWebServiceServerTestExecutionListener@189b0f01, org.springframework.boot.test.mock.mockito.ResetMocksTestExecutionListener@4fbf13a7]
18:05:43.880 [Test worker] DEBUG org.springframework.test.context.support.AbstractDirtiesContextTestExecutionListener - Before test class: context [DefaultTestContext@3822b50e testClass = ApiGatewayApplicationTests, testInstance = [null], testMethod = [null], testException = [null], mergedContextConfiguration = [ReactiveWebMergedContextConfiguration@117f94a0 testClass = ApiGatewayApplicationTests, locations = '{}', classes = '{class com.bcp.bootcamp.apigateway.ApiGatewayApplication}', contextInitializerClasses = '[]', activeProfiles = '{}', propertySourceLocations = '{}', propertySourceProperties = '{org.springframework.boot.test.context.SpringBootTestContextBootstrapper=true}', contextCustomizers = set[org.springframework.boot.test.autoconfigure.actuate.metrics.MetricsExportContextCustomizerFactory$DisableMetricExportContextCustomizer@78a45610, org.springframework.boot.test.autoconfigure.properties.PropertyMappingContextCustomizer@0, org.springframework.boot.test.autoconfigure.web.servlet.WebDriverContextCustomizerFactory$Customizer@4b66ec07, org.springframework.boot.test.context.filter.ExcludeFilterContextCustomizer@240fbf9a, org.springframework.boot.test.json.DuplicateJsonObjectContextCustomizerFactory$DuplicateJsonObjectContextCustomizer@20c68908, org.springframework.boot.test.mock.mockito.MockitoContextCustomizer@0, org.springframework.boot.test.web.client.TestRestTemplateContextCustomizer@6317e53, org.springframework.boot.test.web.reactive.server.WebTestClientContextCustomizer@397a1caa, org.springframework.boot.test.context.SpringBootTestArgs@1, org.springframework.boot.test.context.SpringBootTestWebEnvironment@4642a04d], contextLoader = 'org.springframework.boot.test.context.SpringBootContextLoader', parent = [null]], attributes = map[[empty]]], class annotated with @DirtiesContext [false] with mode [null].
18:05:43.911 [Test worker] DEBUG org.springframework.test.context.support.DependencyInjectionTestExecutionListener - Performing dependency injection for test context [[DefaultTestContext@3822b50e testClass = ApiGatewayApplicationTests, testInstance = com.bcp.bootcamp.apigateway.ApiGatewayApplicationTests@58cdc309, testMethod = [null], testException = [null], mergedContextConfiguration = [ReactiveWebMergedContextConfiguration@117f94a0 testClass = ApiGatewayApplicationTests, locations = '{}', classes = '{class com.bcp.bootcamp.apigateway.ApiGatewayApplication}', contextInitializerClasses = '[]', activeProfiles = '{}', propertySourceLocations = '{}', propertySourceProperties = '{org.springframework.boot.test.context.SpringBootTestContextBootstrapper=true}', contextCustomizers = set[org.springframework.boot.test.autoconfigure.actuate.metrics.MetricsExportContextCustomizerFactory$DisableMetricExportContextCustomizer@78a45610, org.springframework.boot.test.autoconfigure.properties.PropertyMappingContextCustomizer@0, org.springframework.boot.test.autoconfigure.web.servlet.WebDriverContextCustomizerFactory$Customizer@4b66ec07, org.springframework.boot.test.context.filter.ExcludeFilterContextCustomizer@240fbf9a, org.springframework.boot.test.json.DuplicateJsonObjectContextCustomizerFactory$DuplicateJsonObjectContextCustomizer@20c68908, org.springframework.boot.test.mock.mockito.MockitoContextCustomizer@0, org.springframework.boot.test.web.client.TestRestTemplateContextCustomizer@6317e53, org.springframework.boot.test.web.reactive.server.WebTestClientContextCustomizer@397a1caa, org.springframework.boot.test.context.SpringBootTestArgs@1, org.springframework.boot.test.context.SpringBootTestWebEnvironment@4642a04d], contextLoader = 'org.springframework.boot.test.context.SpringBootContextLoader', parent = [null]], attributes = map['org.springframework.test.context.event.ApplicationEventsTestExecutionListener.recordApplicationEvents' -> false]]].
18:05:43.951 [Test worker] DEBUG org.springframework.test.context.support.TestPropertySourceUtils - Adding inlined properties to environment: {spring.jmx.enabled=false, org.springframework.boot.test.context.SpringBootTestContextBootstrapper=true}

  .   ____          _            __ _ _
 /\\ / ___'_ __ _ _(_)_ __  __ _ \ \ \ \
( ( )\___ | '_ | '_| | '_ \/ _` | \ \ \ \
 \\/  ___)| |_)| | | | | || (_| |  ) ) ) )
  '  |____| .__|_| |_|_| |_\__, | / / / /
 =========|_|==============|___/=/_/_/_/
 :: Spring Boot ::                (v2.4.4)

2021-04-07 18:05:44.821  INFO 55038 --- [    Test worker] c.b.b.a.ApiGatewayApplicationTests       : Starting ApiGatewayApplicationTests using Java 13.0.1 on Alfredos-MacBook-Pro.local with PID 55038 (started by alfredobenaute in /Users/alfredobenaute/bootcamp-abril/bcp-bootcamp-apigateway)
2021-04-07 18:05:44.823  INFO 55038 --- [    Test worker] c.b.b.a.ApiGatewayApplicationTests       : No active profile set, falling back to default profiles: default
2021-04-07 18:05:46.360  INFO 55038 --- [    Test worker] o.s.cloud.context.scope.GenericScope     : BeanFactory id=7c709ef8-926f-3ce4-b080-98c83557fa71
2021-04-07 18:05:46.531  INFO 55038 --- [    Test worker] trationDelegate$BeanPostProcessorChecker : Bean 'org.springframework.cloud.client.loadbalancer.reactive.LoadBalancerBeanPostProcessorAutoConfiguration' of type [org.springframework.cloud.client.loadbalancer.reactive.LoadBalancerBeanPostProcessorAutoConfiguration] is not eligible for getting processed by all BeanPostProcessors (for example: not eligible for auto-proxying)
2021-04-07 18:05:46.534  INFO 55038 --- [    Test worker] trationDelegate$BeanPostProcessorChecker : Bean 'org.springframework.cloud.client.loadbalancer.reactive.LoadBalancerBeanPostProcessorAutoConfiguration$ReactorDeferringLoadBalancerFilterConfig' of type [org.springframework.cloud.client.loadbalancer.reactive.LoadBalancerBeanPostProcessorAutoConfiguration$ReactorDeferringLoadBalancerFilterConfig] is not eligible for getting processed by all BeanPostProcessors (for example: not eligible for auto-proxying)
2021-04-07 18:05:46.554  INFO 55038 --- [    Test worker] trationDelegate$BeanPostProcessorChecker : Bean 'reactorDeferringLoadBalancerExchangeFilterFunction' of type [org.springframework.cloud.client.loadbalancer.reactive.DeferringLoadBalancerExchangeFilterFunction] is not eligible for getting processed by all BeanPostProcessors (for example: not eligible for auto-proxying)
2021-04-07 18:05:48.461  INFO 55038 --- [    Test worker] o.s.c.g.r.RouteDefinitionRouteLocator    : Loaded RoutePredicateFactory [After]
2021-04-07 18:05:48.461  INFO 55038 --- [    Test worker] o.s.c.g.r.RouteDefinitionRouteLocator    : Loaded RoutePredicateFactory [Before]
2021-04-07 18:05:48.461  INFO 55038 --- [    Test worker] o.s.c.g.r.RouteDefinitionRouteLocator    : Loaded RoutePredicateFactory [Between]
2021-04-07 18:05:48.461  INFO 55038 --- [    Test worker] o.s.c.g.r.RouteDefinitionRouteLocator    : Loaded RoutePredicateFactory [Cookie]
2021-04-07 18:05:48.461  INFO 55038 --- [    Test worker] o.s.c.g.r.RouteDefinitionRouteLocator    : Loaded RoutePredicateFactory [Header]
2021-04-07 18:05:48.461  INFO 55038 --- [    Test worker] o.s.c.g.r.RouteDefinitionRouteLocator    : Loaded RoutePredicateFactory [Host]
2021-04-07 18:05:48.461  INFO 55038 --- [    Test worker] o.s.c.g.r.RouteDefinitionRouteLocator    : Loaded RoutePredicateFactory [Method]
2021-04-07 18:05:48.461  INFO 55038 --- [    Test worker] o.s.c.g.r.RouteDefinitionRouteLocator    : Loaded RoutePredicateFactory [Path]
2021-04-07 18:05:48.462  INFO 55038 --- [    Test worker] o.s.c.g.r.RouteDefinitionRouteLocator    : Loaded RoutePredicateFactory [Query]
2021-04-07 18:05:48.462  INFO 55038 --- [    Test worker] o.s.c.g.r.RouteDefinitionRouteLocator    : Loaded RoutePredicateFactory [ReadBody]
2021-04-07 18:05:48.462  INFO 55038 --- [    Test worker] o.s.c.g.r.RouteDefinitionRouteLocator    : Loaded RoutePredicateFactory [RemoteAddr]
2021-04-07 18:05:48.462  INFO 55038 --- [    Test worker] o.s.c.g.r.RouteDefinitionRouteLocator    : Loaded RoutePredicateFactory [Weight]
2021-04-07 18:05:48.462  INFO 55038 --- [    Test worker] o.s.c.g.r.RouteDefinitionRouteLocator    : Loaded RoutePredicateFactory [CloudFoundryRouteService]
2021-04-07 18:05:48.798  INFO 55038 --- [    Test worker] DiscoveryClientOptionalArgsConfiguration : Eureka HTTP Client uses RestTemplate.
2021-04-07 18:05:49.031  WARN 55038 --- [    Test worker] iguration$LoadBalancerCaffeineWarnLogger : Spring Cloud LoadBalancer is currently working with the default cache. You can switch to using Caffeine cache, by adding it and org.springframework.cache.caffeine.CaffeineCacheManager to the classpath.
2021-04-07 18:05:49.100  INFO 55038 --- [    Test worker] o.s.c.n.eureka.InstanceInfoFactory       : Setting initial instance status as: STARTING
2021-04-07 18:05:49.243  INFO 55038 --- [    Test worker] com.netflix.discovery.DiscoveryClient    : Initializing Eureka in region us-east-1
2021-04-07 18:05:49.254  INFO 55038 --- [    Test worker] c.n.d.s.r.aws.ConfigClusterResolver      : Resolving eureka endpoints via configuration
2021-04-07 18:05:49.307  INFO 55038 --- [    Test worker] com.netflix.discovery.DiscoveryClient    : Disable delta property : false
2021-04-07 18:05:49.307  INFO 55038 --- [    Test worker] com.netflix.discovery.DiscoveryClient    : Single vip registry refresh property : null
2021-04-07 18:05:49.307  INFO 55038 --- [    Test worker] com.netflix.discovery.DiscoveryClient    : Force full registry fetch : false
2021-04-07 18:05:49.308  INFO 55038 --- [    Test worker] com.netflix.discovery.DiscoveryClient    : Application is null : false
2021-04-07 18:05:49.308  INFO 55038 --- [    Test worker] com.netflix.discovery.DiscoveryClient    : Registered Applications size is zero : true
2021-04-07 18:05:49.308  INFO 55038 --- [    Test worker] com.netflix.discovery.DiscoveryClient    : Application version is -1: true
2021-04-07 18:05:49.309  INFO 55038 --- [    Test worker] com.netflix.discovery.DiscoveryClient    : Getting all instance registry info from the eureka server
2021-04-07 18:05:50.089  INFO 55038 --- [    Test worker] com.netflix.discovery.DiscoveryClient    : The response status is 200
2021-04-07 18:05:50.094  INFO 55038 --- [    Test worker] com.netflix.discovery.DiscoveryClient    : Starting heartbeat executor: renew interval is: 30
2021-04-07 18:05:50.106  INFO 55038 --- [    Test worker] c.n.discovery.InstanceInfoReplicator     : InstanceInfoReplicator onDemand update allowed rate per min is 4
2021-04-07 18:05:50.115  INFO 55038 --- [    Test worker] com.netflix.discovery.DiscoveryClient    : Discovery Client initialized at timestamp 1617836750114 with initial instances count: 2
2021-04-07 18:05:50.122  INFO 55038 --- [    Test worker] o.s.c.n.e.s.EurekaServiceRegistry        : Registering application BCP-BOOTCAMP-GATEWAY with eureka with status UP
2021-04-07 18:05:50.122  INFO 55038 --- [    Test worker] com.netflix.discovery.DiscoveryClient    : Saw local status change event StatusChangeEvent [timestamp=1617836750122, current=UP, previous=STARTING]
2021-04-07 18:05:50.127  INFO 55038 --- [nfoReplicator-0] com.netflix.discovery.DiscoveryClient    : DiscoveryClient_BCP-BOOTCAMP-GATEWAY/192.168.1.6:bcp-bootcamp-gateway:9999: registering service...
2021-04-07 18:05:50.278  INFO 55038 --- [nfoReplicator-0] com.netflix.discovery.DiscoveryClient    : DiscoveryClient_BCP-BOOTCAMP-GATEWAY/192.168.1.6:bcp-bootcamp-gateway:9999 - registration status: 204
2021-04-07 18:05:50.314  INFO 55038 --- [    Test worker] c.b.b.a.ApiGatewayApplicationTests       : Started ApiGatewayApplicationTests in 6.348 seconds (JVM running for 8.384)
]]></system-out>
  <system-err><![CDATA[]]></system-err>
</testsuite>
